INFO - 2024-05-02 01:34:17 --> Session: Class initialized using 'CodeIgniter\Session\Handlers\FileHandler' driver.
INFO - 2024-05-02 03:17:46 --> Session: Class initialized using 'CodeIgniter\Session\Handlers\FileHandler' driver.
INFO - 2024-05-02 03:30:38 --> Session: Class initialized using 'CodeIgniter\Session\Handlers\FileHandler' driver.
INFO - 2024-05-02 03:39:08 --> Session: Class initialized using 'CodeIgniter\Session\Handlers\FileHandler' driver.
INFO - 2024-05-02 03:47:47 --> Session: Class initialized using 'CodeIgniter\Session\Handlers\FileHandler' driver.
CRITICAL - 2024-05-02 03:47:53 --> Call to undefined function App\Controllers\set_cookie()
in APPPATH\Controllers\User.php on line 21.
 1 SYSTEMPATH\CodeIgniter.php(942): App\Controllers\User->login()
 2 SYSTEMPATH\CodeIgniter.php(502): CodeIgniter\CodeIgniter->runController(Object(App\Controllers\User))
 3 SYSTEMPATH\CodeIgniter.php(361): CodeIgniter\CodeIgniter->handleRequest(null, Object(Config\Cache), false)
 4 FCPATH\index.php(79): CodeIgniter\CodeIgniter->run()
INFO - 2024-05-02 03:49:01 --> Session: Class initialized using 'CodeIgniter\Session\Handlers\FileHandler' driver.
CRITICAL - 2024-05-02 03:49:01 --> Class "App\Models\PublicationModel" not found
in APPPATH\Controllers\Publication.php on line 11.
 1 SYSTEMPATH\CodeIgniter.php(942): App\Controllers\Publication->index()
 2 SYSTEMPATH\CodeIgniter.php(502): CodeIgniter\CodeIgniter->runController(Object(App\Controllers\Publication))
 3 SYSTEMPATH\CodeIgniter.php(361): CodeIgniter\CodeIgniter->handleRequest(null, Object(Config\Cache), false)
 4 FCPATH\index.php(79): CodeIgniter\CodeIgniter->run()
CRITICAL - 2024-05-02 03:51:40 --> Class "App\Controllers\Model" not found
in APPPATH\Models\PublicationModel.php on line 8.
 1 SYSTEMPATH\Autoloader\Autoloader.php(312): include_once()
 2 SYSTEMPATH\Autoloader\Autoloader.php(291): CodeIgniter\Autoloader\Autoloader->includeFile('C:\\xampp\\htdocs\\Proyecto1\\app\\Models\\PublicationModel.php')
 3 SYSTEMPATH\Autoloader\Autoloader.php(269): CodeIgniter\Autoloader\Autoloader->loadInNamespace('App\\Models\\PublicationModel')
 4 APPPATH\Controllers\Publication.php(11): CodeIgniter\Autoloader\Autoloader->loadClass('App\\Models\\PublicationModel')
 5 SYSTEMPATH\CodeIgniter.php(942): App\Controllers\Publication->index()
 6 SYSTEMPATH\CodeIgniter.php(502): CodeIgniter\CodeIgniter->runController(Object(App\Controllers\Publication))
 7 SYSTEMPATH\CodeIgniter.php(361): CodeIgniter\CodeIgniter->handleRequest(null, Object(Config\Cache), false)
 8 FCPATH\index.php(79): CodeIgniter\CodeIgniter->run()
CRITICAL - 2024-05-02 03:52:12 --> Call to undefined method App\Models\PublicationModel::show
in SYSTEMPATH\Model.php on line 873.
 1 APPPATH\Controllers\Publication.php(12): CodeIgniter\Model->__call('show', [])
 2 SYSTEMPATH\CodeIgniter.php(942): App\Controllers\Publication->index()
 3 SYSTEMPATH\CodeIgniter.php(502): CodeIgniter\CodeIgniter->runController(Object(App\Controllers\Publication))
 4 SYSTEMPATH\CodeIgniter.php(361): CodeIgniter\CodeIgniter->handleRequest(null, Object(Config\Cache), false)
 5 FCPATH\index.php(79): CodeIgniter\CodeIgniter->run()
CRITICAL - 2024-05-02 03:57:10 --> Undefined variable $id
in APPPATH\Models\PublicationModel.php on line 16.
 1 APPPATH\Models\PublicationModel.php(16): CodeIgniter\Debug\Exceptions->errorHandler(2, 'Undefined variable $id', 'C:\\xampp\\htdocs\\Proyecto1\\app\\Models\\PublicationModel.php', 16)
 2 APPPATH\Controllers\Publication.php(13): App\Models\PublicationModel->show()
 3 SYSTEMPATH\CodeIgniter.php(942): App\Controllers\Publication->index()
 4 SYSTEMPATH\CodeIgniter.php(502): CodeIgniter\CodeIgniter->runController(Object(App\Controllers\Publication))
 5 SYSTEMPATH\CodeIgniter.php(361): CodeIgniter\CodeIgniter->handleRequest(null, Object(Config\Cache), false)
 6 FCPATH\index.php(79): CodeIgniter\CodeIgniter->run()
CRITICAL - 2024-05-02 04:00:42 --> Invalid file: "publications.php"
in SYSTEMPATH\Exceptions\FrameworkException.php on line 39.
 1 SYSTEMPATH\View\View.php(216): CodeIgniter\Exceptions\FrameworkException::forInvalidFile('publications.php')
 2 SYSTEMPATH\Common.php(1190): CodeIgniter\View\View->render('publications', [], true)
 3 APPPATH\Controllers\Publication.php(16): view('publications', [...])
 4 SYSTEMPATH\CodeIgniter.php(942): App\Controllers\Publication->index()
 5 SYSTEMPATH\CodeIgniter.php(502): CodeIgniter\CodeIgniter->runController(Object(App\Controllers\Publication))
 6 SYSTEMPATH\CodeIgniter.php(361): CodeIgniter\CodeIgniter->handleRequest(null, Object(Config\Cache), false)
 7 FCPATH\index.php(79): CodeIgniter\CodeIgniter->run()
CRITICAL - 2024-05-02 04:02:53 --> Invalid file: "publication.php"
in SYSTEMPATH\Exceptions\FrameworkException.php on line 39.
 1 SYSTEMPATH\View\View.php(216): CodeIgniter\Exceptions\FrameworkException::forInvalidFile('publication.php')
 2 SYSTEMPATH\Common.php(1190): CodeIgniter\View\View->render('publication', [], true)
 3 APPPATH\Controllers\Publication.php(16): view('publication', [...])
 4 SYSTEMPATH\CodeIgniter.php(942): App\Controllers\Publication->index()
 5 SYSTEMPATH\CodeIgniter.php(502): CodeIgniter\CodeIgniter->runController(Object(App\Controllers\Publication))
 6 SYSTEMPATH\CodeIgniter.php(361): CodeIgniter\CodeIgniter->handleRequest(null, Object(Config\Cache), false)
 7 FCPATH\index.php(79): CodeIgniter\CodeIgniter->run()
CRITICAL - 2024-05-02 04:02:54 --> Invalid file: "publication.php"
in SYSTEMPATH\Exceptions\FrameworkException.php on line 39.
 1 SYSTEMPATH\View\View.php(216): CodeIgniter\Exceptions\FrameworkException::forInvalidFile('publication.php')
 2 SYSTEMPATH\Common.php(1190): CodeIgniter\View\View->render('publication', [], true)
 3 APPPATH\Controllers\Publication.php(16): view('publication', [...])
 4 SYSTEMPATH\CodeIgniter.php(942): App\Controllers\Publication->index()
 5 SYSTEMPATH\CodeIgniter.php(502): CodeIgniter\CodeIgniter->runController(Object(App\Controllers\Publication))
 6 SYSTEMPATH\CodeIgniter.php(361): CodeIgniter\CodeIgniter->handleRequest(null, Object(Config\Cache), false)
 7 FCPATH\index.php(79): CodeIgniter\CodeIgniter->run()
INFO - 2024-05-02 04:05:05 --> Session: Class initialized using 'CodeIgniter\Session\Handlers\FileHandler' driver.
INFO - 2024-05-02 04:05:08 --> Session: Class initialized using 'CodeIgniter\Session\Handlers\FileHandler' driver.
INFO - 2024-05-02 04:05:08 --> Session: Class initialized using 'CodeIgniter\Session\Handlers\FileHandler' driver.
INFO - 2024-05-02 04:05:11 --> Session: Class initialized using 'CodeIgniter\Session\Handlers\FileHandler' driver.
INFO - 2024-05-02 04:05:11 --> Session: Class initialized using 'CodeIgniter\Session\Handlers\FileHandler' driver.
INFO - 2024-05-02 04:05:15 --> Session: Class initialized using 'CodeIgniter\Session\Handlers\FileHandler' driver.
INFO - 2024-05-02 04:11:47 --> Session: Class initialized using 'CodeIgniter\Session\Handlers\FileHandler' driver.
INFO - 2024-05-02 04:11:52 --> Session: Class initialized using 'CodeIgniter\Session\Handlers\FileHandler' driver.
INFO - 2024-05-02 04:14:06 --> Session: Class initialized using 'CodeIgniter\Session\Handlers\FileHandler' driver.
INFO - 2024-05-02 04:15:18 --> Session: Class initialized using 'CodeIgniter\Session\Handlers\FileHandler' driver.
INFO - 2024-05-02 04:15:19 --> Session: Class initialized using 'CodeIgniter\Session\Handlers\FileHandler' driver.
INFO - 2024-05-02 04:15:27 --> Session: Class initialized using 'CodeIgniter\Session\Handlers\FileHandler' driver.
INFO - 2024-05-02 04:15:27 --> Session: Class initialized using 'CodeIgniter\Session\Handlers\FileHandler' driver.
INFO - 2024-05-02 04:15:34 --> Session: Class initialized using 'CodeIgniter\Session\Handlers\FileHandler' driver.
CRITICAL - 2024-05-02 04:15:34 --> Undefined array key "user_name"
in APPPATH\Views\Publication\all.php on line 17.
 1 APPPATH\Views\Publication\all.php(17): CodeIgniter\Debug\Exceptions->errorHandler(2, 'Undefined array key "user_name"', 'C:\\xampp\\htdocs\\Proyecto1\\app\\Views\\Publication\\all.php', 17)
 2 SYSTEMPATH\View\View.php(228): include('C:\\xampp\\htdocs\\Proyecto1\\app\\Views\\Publication\\all.php')
 3 SYSTEMPATH\View\View.php(231): CodeIgniter\View\View->CodeIgniter\View\{closure}()
 4 SYSTEMPATH\Common.php(1190): CodeIgniter\View\View->render('Publication/all', [], true)
 5 APPPATH\Controllers\Publication.php(15): view('Publication/all', [...])
 6 SYSTEMPATH\CodeIgniter.php(942): App\Controllers\Publication->index()
 7 SYSTEMPATH\CodeIgniter.php(502): CodeIgniter\CodeIgniter->runController(Object(App\Controllers\Publication))
 8 SYSTEMPATH\CodeIgniter.php(361): CodeIgniter\CodeIgniter->handleRequest(null, Object(Config\Cache), false)
 9 FCPATH\index.php(79): CodeIgniter\CodeIgniter->run()
INFO - 2024-05-02 04:18:18 --> Session: Class initialized using 'CodeIgniter\Session\Handlers\FileHandler' driver.
WARNING - 2024-05-02 04:18:18 --> [DEPRECATED] Function strftime() is deprecated in APPPATH\Views\Publication\all.php on line 22.
 1 SYSTEMPATH\View\View.php(228): include('C:\\xampp\\htdocs\\Proyecto1\\app\\Views\\Publication\\all.php')
 2 SYSTEMPATH\View\View.php(231): CodeIgniter\View\View->CodeIgniter\View\{closure}()
 3 SYSTEMPATH\Common.php(1190): CodeIgniter\View\View->render('Publication/all', [], true)
 4 APPPATH\Controllers\Publication.php(15): view('Publication/all', [...])
 5 SYSTEMPATH\CodeIgniter.php(942): App\Controllers\Publication->index()
 6 SYSTEMPATH\CodeIgniter.php(502): CodeIgniter\CodeIgniter->runController(Object(App\Controllers\Publication))
 7 SYSTEMPATH\CodeIgniter.php(361): CodeIgniter\CodeIgniter->handleRequest(null, Object(Config\Cache), false)
 8 FCPATH\index.php(79): CodeIgniter\CodeIgniter->run()
CRITICAL - 2024-05-02 04:18:32 --> Class "App\Models\ImageModel" not found
in APPPATH\Controllers\Publication.php on line 118.
 1 SYSTEMPATH\CodeIgniter.php(942): App\Controllers\Publication->uploadImage()
 2 SYSTEMPATH\CodeIgniter.php(502): CodeIgniter\CodeIgniter->runController(Object(App\Controllers\Publication))
 3 SYSTEMPATH\CodeIgniter.php(361): CodeIgniter\CodeIgniter->handleRequest(null, Object(Config\Cache), false)
 4 FCPATH\index.php(79): CodeIgniter\CodeIgniter->run()
CRITICAL - 2024-05-02 04:22:20 --> Class "App\Models\ImageModel" not found
in APPPATH\Controllers\Publication.php on line 118.
 1 SYSTEMPATH\CodeIgniter.php(942): App\Controllers\Publication->uploadImage()
 2 SYSTEMPATH\CodeIgniter.php(502): CodeIgniter\CodeIgniter->runController(Object(App\Controllers\Publication))
 3 SYSTEMPATH\CodeIgniter.php(361): CodeIgniter\CodeIgniter->handleRequest(null, Object(Config\Cache), false)
 4 FCPATH\index.php(79): CodeIgniter\CodeIgniter->run()
INFO - 2024-05-02 04:22:29 --> Session: Class initialized using 'CodeIgniter\Session\Handlers\FileHandler' driver.
INFO - 2024-05-02 04:22:32 --> Session: Class initialized using 'CodeIgniter\Session\Handlers\FileHandler' driver.
INFO - 2024-05-02 04:22:32 --> Session: Class initialized using 'CodeIgniter\Session\Handlers\FileHandler' driver.
INFO - 2024-05-02 04:22:38 --> Session: Class initialized using 'CodeIgniter\Session\Handlers\FileHandler' driver.
INFO - 2024-05-02 04:22:38 --> Session: Class initialized using 'CodeIgniter\Session\Handlers\FileHandler' driver.
WARNING - 2024-05-02 04:22:38 --> [DEPRECATED] Function strftime() is deprecated in APPPATH\Views\Publication\all.php on line 22.
 1 SYSTEMPATH\View\View.php(228): include('C:\\xampp\\htdocs\\Proyecto1\\app\\Views\\Publication\\all.php')
 2 SYSTEMPATH\View\View.php(231): CodeIgniter\View\View->CodeIgniter\View\{closure}()
 3 SYSTEMPATH\Common.php(1190): CodeIgniter\View\View->render('Publication/all', [], true)
 4 APPPATH\Controllers\Publication.php(15): view('Publication/all', [...])
 5 SYSTEMPATH\CodeIgniter.php(942): App\Controllers\Publication->index()
 6 SYSTEMPATH\CodeIgniter.php(502): CodeIgniter\CodeIgniter->runController(Object(App\Controllers\Publication))
 7 SYSTEMPATH\CodeIgniter.php(361): CodeIgniter\CodeIgniter->handleRequest(null, Object(Config\Cache), false)
 8 FCPATH\index.php(79): CodeIgniter\CodeIgniter->run()
INFO - 2024-05-02 04:22:40 --> Session: Class initialized using 'CodeIgniter\Session\Handlers\FileHandler' driver.
CRITICAL - 2024-05-02 04:22:40 --> Cannot use object of type CodeIgniter\Database\MySQLi\Result as array
in APPPATH\Views\Publication\edit.php on line 3.
 1 SYSTEMPATH\View\View.php(228): include()
 2 SYSTEMPATH\View\View.php(231): CodeIgniter\View\View->CodeIgniter\View\{closure}()
 3 SYSTEMPATH\Common.php(1190): CodeIgniter\View\View->render('publication/edit', [], true)
 4 APPPATH\Controllers\Publication.php(90): view('publication/edit', [...])
 5 SYSTEMPATH\CodeIgniter.php(942): App\Controllers\Publication->edit('1')
 6 SYSTEMPATH\CodeIgniter.php(502): CodeIgniter\CodeIgniter->runController(Object(App\Controllers\Publication))
 7 SYSTEMPATH\CodeIgniter.php(361): CodeIgniter\CodeIgniter->handleRequest(null, Object(Config\Cache), false)
 8 FCPATH\index.php(79): CodeIgniter\CodeIgniter->run()
INFO - 2024-05-02 04:23:04 --> Session: Class initialized using 'CodeIgniter\Session\Handlers\FileHandler' driver.
WARNING - 2024-05-02 04:23:04 --> [DEPRECATED] Function strftime() is deprecated in APPPATH\Views\Publication\all.php on line 22.
 1 SYSTEMPATH\View\View.php(228): include('C:\\xampp\\htdocs\\Proyecto1\\app\\Views\\Publication\\all.php')
 2 SYSTEMPATH\View\View.php(231): CodeIgniter\View\View->CodeIgniter\View\{closure}()
 3 SYSTEMPATH\Common.php(1190): CodeIgniter\View\View->render('Publication/all', [], true)
 4 APPPATH\Controllers\Publication.php(15): view('Publication/all', [...])
 5 SYSTEMPATH\CodeIgniter.php(942): App\Controllers\Publication->index()
 6 SYSTEMPATH\CodeIgniter.php(502): CodeIgniter\CodeIgniter->runController(Object(App\Controllers\Publication))
 7 SYSTEMPATH\CodeIgniter.php(361): CodeIgniter\CodeIgniter->handleRequest(null, Object(Config\Cache), false)
 8 FCPATH\index.php(79): CodeIgniter\CodeIgniter->run()
CRITICAL - 2024-05-02 04:23:14 --> Class "App\Models\ImageModel" not found
in APPPATH\Controllers\Publication.php on line 118.
 1 SYSTEMPATH\CodeIgniter.php(942): App\Controllers\Publication->uploadImage()
 2 SYSTEMPATH\CodeIgniter.php(502): CodeIgniter\CodeIgniter->runController(Object(App\Controllers\Publication))
 3 SYSTEMPATH\CodeIgniter.php(361): CodeIgniter\CodeIgniter->handleRequest(null, Object(Config\Cache), false)
 4 FCPATH\index.php(79): CodeIgniter\CodeIgniter->run()
ERROR - 2024-05-02 04:23:44 --> mysqli_sql_exception: Unknown column 'filename' in 'field list' in C:\xampp\htdocs\Proyecto1\system\Database\MySQLi\Connection.php:306
Stack trace:
#0 C:\xampp\htdocs\Proyecto1\system\Database\MySQLi\Connection.php(306): mysqli->query('INSERT INTO `im...', 0)
#1 C:\xampp\htdocs\Proyecto1\system\Database\BaseConnection.php(693): CodeIgniter\Database\MySQLi\Connection->execute('INSERT INTO `im...')
#2 C:\xampp\htdocs\Proyecto1\system\Database\BaseConnection.php(607): CodeIgniter\Database\BaseConnection->simpleQuery('INSERT INTO `im...')
#3 C:\xampp\htdocs\Proyecto1\system\Database\BaseBuilder.php(2308): CodeIgniter\Database\BaseConnection->query('INSERT INTO `im...', Array, false)
#4 C:\xampp\htdocs\Proyecto1\system\Model.php(319): CodeIgniter\Database\BaseBuilder->insert()
#5 C:\xampp\htdocs\Proyecto1\system\BaseModel.php(788): CodeIgniter\Model->doInsert(Array)
#6 C:\xampp\htdocs\Proyecto1\system\Model.php(715): CodeIgniter\BaseModel->insert(Array, false)
#7 C:\xampp\htdocs\Proyecto1\system\BaseModel.php(698): CodeIgniter\Model->insert(Array, false)
#8 C:\xampp\htdocs\Proyecto1\app\Controllers\Publication.php(136): CodeIgniter\BaseModel->save(Array)
#9 C:\xampp\htdocs\Proyecto1\system\CodeIgniter.php(942): App\Controllers\Publication->uploadImage()
#10 C:\xampp\htdocs\Proyecto1\system\CodeIgniter.php(502): CodeIgniter\CodeIgniter->runController(Object(App\Controllers\Publication))
#11 C:\xampp\htdocs\Proyecto1\system\CodeIgniter.php(361): CodeIgniter\CodeIgniter->handleRequest(NULL, Object(Config\Cache), false)
#12 C:\xampp\htdocs\Proyecto1\public\index.php(79): CodeIgniter\CodeIgniter->run()
#13 {main}
CRITICAL - 2024-05-02 04:23:44 --> Unknown column 'filename' in 'field list'
in SYSTEMPATH\Database\BaseConnection.php on line 647.
 1 SYSTEMPATH\Database\BaseBuilder.php(2308): CodeIgniter\Database\BaseConnection->query('INSERT INTO `images` (`publication_id`, `filename`) VALUES (:publication_id:, :filename:)', [...], false)
 2 SYSTEMPATH\Model.php(319): CodeIgniter\Database\BaseBuilder->insert()
 3 SYSTEMPATH\BaseModel.php(788): CodeIgniter\Model->doInsert([...])
 4 SYSTEMPATH\Model.php(715): CodeIgniter\BaseModel->insert([...], false)
 5 SYSTEMPATH\BaseModel.php(698): CodeIgniter\Model->insert([...], false)
 6 APPPATH\Controllers\Publication.php(136): CodeIgniter\BaseModel->save([...])
 7 SYSTEMPATH\CodeIgniter.php(942): App\Controllers\Publication->uploadImage()
 8 SYSTEMPATH\CodeIgniter.php(502): CodeIgniter\CodeIgniter->runController(Object(App\Controllers\Publication))
 9 SYSTEMPATH\CodeIgniter.php(361): CodeIgniter\CodeIgniter->handleRequest(null, Object(Config\Cache), false)
10 FCPATH\index.php(79): CodeIgniter\CodeIgniter->run()
INFO - 2024-05-02 23:29:28 --> Session: Class initialized using 'CodeIgniter\Session\Handlers\FileHandler' driver.
INFO - 2024-05-02 23:29:35 --> Session: Class initialized using 'CodeIgniter\Session\Handlers\FileHandler' driver.
INFO - 2024-05-02 23:29:35 --> Session: Class initialized using 'CodeIgniter\Session\Handlers\FileHandler' driver.
WARNING - 2024-05-02 23:29:35 --> [DEPRECATED] Function strftime() is deprecated in APPPATH\Views\Publication\all.php on line 22.
 1 SYSTEMPATH\View\View.php(228): include('C:\\xampp\\htdocs\\Proyecto1\\app\\Views\\Publication\\all.php')
 2 SYSTEMPATH\View\View.php(231): CodeIgniter\View\View->CodeIgniter\View\{closure}()
 3 SYSTEMPATH\Common.php(1190): CodeIgniter\View\View->render('Publication/all', [], true)
 4 APPPATH\Controllers\Publication.php(15): view('Publication/all', [...])
 5 SYSTEMPATH\CodeIgniter.php(942): App\Controllers\Publication->index()
 6 SYSTEMPATH\CodeIgniter.php(502): CodeIgniter\CodeIgniter->runController(Object(App\Controllers\Publication))
 7 SYSTEMPATH\CodeIgniter.php(361): CodeIgniter\CodeIgniter->handleRequest(null, Object(Config\Cache), false)
 8 FCPATH\index.php(79): CodeIgniter\CodeIgniter->run()
INFO - 2024-05-02 23:29:41 --> Session: Class initialized using 'CodeIgniter\Session\Handlers\FileHandler' driver.
INFO - 2024-05-02 23:29:48 --> Session: Class initialized using 'CodeIgniter\Session\Handlers\FileHandler' driver.
WARNING - 2024-05-02 23:29:48 --> [DEPRECATED] Function strftime() is deprecated in APPPATH\Views\Publication\all.php on line 22.
 1 SYSTEMPATH\View\View.php(228): include('C:\\xampp\\htdocs\\Proyecto1\\app\\Views\\Publication\\all.php')
 2 SYSTEMPATH\View\View.php(231): CodeIgniter\View\View->CodeIgniter\View\{closure}()
 3 SYSTEMPATH\Common.php(1190): CodeIgniter\View\View->render('Publication/all', [], true)
 4 APPPATH\Controllers\Publication.php(15): view('Publication/all', [...])
 5 SYSTEMPATH\CodeIgniter.php(942): App\Controllers\Publication->index()
 6 SYSTEMPATH\CodeIgniter.php(502): CodeIgniter\CodeIgniter->runController(Object(App\Controllers\Publication))
 7 SYSTEMPATH\CodeIgniter.php(361): CodeIgniter\CodeIgniter->handleRequest(null, Object(Config\Cache), false)
 8 FCPATH\index.php(79): CodeIgniter\CodeIgniter->run()
INFO - 2024-05-02 23:29:56 --> Session: Class initialized using 'CodeIgniter\Session\Handlers\FileHandler' driver.
WARNING - 2024-05-02 23:29:56 --> [DEPRECATED] Function strftime() is deprecated in APPPATH\Views\Publication\all.php on line 22.
 1 SYSTEMPATH\View\View.php(228): include('C:\\xampp\\htdocs\\Proyecto1\\app\\Views\\Publication\\all.php')
 2 SYSTEMPATH\View\View.php(231): CodeIgniter\View\View->CodeIgniter\View\{closure}()
 3 SYSTEMPATH\Common.php(1190): CodeIgniter\View\View->render('Publication/all', [], true)
 4 APPPATH\Controllers\Publication.php(15): view('Publication/all', [...])
 5 SYSTEMPATH\CodeIgniter.php(942): App\Controllers\Publication->index()
 6 SYSTEMPATH\CodeIgniter.php(502): CodeIgniter\CodeIgniter->runController(Object(App\Controllers\Publication))
 7 SYSTEMPATH\CodeIgniter.php(361): CodeIgniter\CodeIgniter->handleRequest(null, Object(Config\Cache), false)
 8 FCPATH\index.php(79): CodeIgniter\CodeIgniter->run()
WARNING - 2024-05-02 23:29:56 --> [DEPRECATED] Function strftime() is deprecated in APPPATH\Views\Publication\all.php on line 22.
 1 SYSTEMPATH\View\View.php(228): include('C:\\xampp\\htdocs\\Proyecto1\\app\\Views\\Publication\\all.php')
 2 SYSTEMPATH\View\View.php(231): CodeIgniter\View\View->CodeIgniter\View\{closure}()
 3 SYSTEMPATH\Common.php(1190): CodeIgniter\View\View->render('Publication/all', [], true)
 4 APPPATH\Controllers\Publication.php(15): view('Publication/all', [...])
 5 SYSTEMPATH\CodeIgniter.php(942): App\Controllers\Publication->index()
 6 SYSTEMPATH\CodeIgniter.php(502): CodeIgniter\CodeIgniter->runController(Object(App\Controllers\Publication))
 7 SYSTEMPATH\CodeIgniter.php(361): CodeIgniter\CodeIgniter->handleRequest(null, Object(Config\Cache), false)
 8 FCPATH\index.php(79): CodeIgniter\CodeIgniter->run()
INFO - 2024-05-02 23:30:03 --> Session: Class initialized using 'CodeIgniter\Session\Handlers\FileHandler' driver.
WARNING - 2024-05-02 23:30:03 --> [DEPRECATED] Function strftime() is deprecated in APPPATH\Views\Publication\all.php on line 22.
 1 SYSTEMPATH\View\View.php(228): include('C:\\xampp\\htdocs\\Proyecto1\\app\\Views\\Publication\\all.php')
 2 SYSTEMPATH\View\View.php(231): CodeIgniter\View\View->CodeIgniter\View\{closure}()
 3 SYSTEMPATH\Common.php(1190): CodeIgniter\View\View->render('Publication/all', [], true)
 4 APPPATH\Controllers\Publication.php(15): view('Publication/all', [...])
 5 SYSTEMPATH\CodeIgniter.php(942): App\Controllers\Publication->index()
 6 SYSTEMPATH\CodeIgniter.php(502): CodeIgniter\CodeIgniter->runController(Object(App\Controllers\Publication))
 7 SYSTEMPATH\CodeIgniter.php(361): CodeIgniter\CodeIgniter->handleRequest(null, Object(Config\Cache), false)
 8 FCPATH\index.php(79): CodeIgniter\CodeIgniter->run()
INFO - 2024-05-02 23:30:03 --> Session: Class initialized using 'CodeIgniter\Session\Handlers\FileHandler' driver.
INFO - 2024-05-02 23:53:23 --> Session: Class initialized using 'CodeIgniter\Session\Handlers\FileHandler' driver.
WARNING - 2024-05-02 23:53:23 --> [DEPRECATED] Function strftime() is deprecated in APPPATH\Views\Publication\all.php on line 22.
 1 SYSTEMPATH\View\View.php(228): include('C:\\xampp\\htdocs\\Proyecto1\\app\\Views\\Publication\\all.php')
 2 SYSTEMPATH\View\View.php(231): CodeIgniter\View\View->CodeIgniter\View\{closure}()
 3 SYSTEMPATH\Common.php(1190): CodeIgniter\View\View->render('Publication/all', [], true)
 4 APPPATH\Controllers\Publication.php(15): view('Publication/all', [...])
 5 SYSTEMPATH\CodeIgniter.php(942): App\Controllers\Publication->index()
 6 SYSTEMPATH\CodeIgniter.php(502): CodeIgniter\CodeIgniter->runController(Object(App\Controllers\Publication))
 7 SYSTEMPATH\CodeIgniter.php(361): CodeIgniter\CodeIgniter->handleRequest(null, Object(Config\Cache), false)
 8 FCPATH\index.php(79): CodeIgniter\CodeIgniter->run()
ERROR - 2024-05-02 23:53:28 --> mysqli_sql_exception: Unknown column 'filename' in 'field list' in C:\xampp\htdocs\Proyecto1\system\Database\MySQLi\Connection.php:306
Stack trace:
#0 C:\xampp\htdocs\Proyecto1\system\Database\MySQLi\Connection.php(306): mysqli->query('INSERT INTO `im...', 0)
#1 C:\xampp\htdocs\Proyecto1\system\Database\BaseConnection.php(693): CodeIgniter\Database\MySQLi\Connection->execute('INSERT INTO `im...')
#2 C:\xampp\htdocs\Proyecto1\system\Database\BaseConnection.php(607): CodeIgniter\Database\BaseConnection->simpleQuery('INSERT INTO `im...')
#3 C:\xampp\htdocs\Proyecto1\system\Database\BaseBuilder.php(2308): CodeIgniter\Database\BaseConnection->query('INSERT INTO `im...', Array, false)
#4 C:\xampp\htdocs\Proyecto1\system\Model.php(319): CodeIgniter\Database\BaseBuilder->insert()
#5 C:\xampp\htdocs\Proyecto1\system\BaseModel.php(788): CodeIgniter\Model->doInsert(Array)
#6 C:\xampp\htdocs\Proyecto1\system\Model.php(715): CodeIgniter\BaseModel->insert(Array, false)
#7 C:\xampp\htdocs\Proyecto1\system\BaseModel.php(698): CodeIgniter\Model->insert(Array, false)
#8 C:\xampp\htdocs\Proyecto1\app\Controllers\Publication.php(136): CodeIgniter\BaseModel->save(Array)
#9 C:\xampp\htdocs\Proyecto1\system\CodeIgniter.php(942): App\Controllers\Publication->uploadImage()
#10 C:\xampp\htdocs\Proyecto1\system\CodeIgniter.php(502): CodeIgniter\CodeIgniter->runController(Object(App\Controllers\Publication))
#11 C:\xampp\htdocs\Proyecto1\system\CodeIgniter.php(361): CodeIgniter\CodeIgniter->handleRequest(NULL, Object(Config\Cache), false)
#12 C:\xampp\htdocs\Proyecto1\public\index.php(79): CodeIgniter\CodeIgniter->run()
#13 {main}
CRITICAL - 2024-05-02 23:53:28 --> Unknown column 'filename' in 'field list'
in SYSTEMPATH\Database\BaseConnection.php on line 647.
 1 SYSTEMPATH\Database\BaseBuilder.php(2308): CodeIgniter\Database\BaseConnection->query('INSERT INTO `images` (`publication_id`, `filename`) VALUES (:publication_id:, :filename:)', [...], false)
 2 SYSTEMPATH\Model.php(319): CodeIgniter\Database\BaseBuilder->insert()
 3 SYSTEMPATH\BaseModel.php(788): CodeIgniter\Model->doInsert([...])
 4 SYSTEMPATH\Model.php(715): CodeIgniter\BaseModel->insert([...], false)
 5 SYSTEMPATH\BaseModel.php(698): CodeIgniter\Model->insert([...], false)
 6 APPPATH\Controllers\Publication.php(136): CodeIgniter\BaseModel->save([...])
 7 SYSTEMPATH\CodeIgniter.php(942): App\Controllers\Publication->uploadImage()
 8 SYSTEMPATH\CodeIgniter.php(502): CodeIgniter\CodeIgniter->runController(Object(App\Controllers\Publication))
 9 SYSTEMPATH\CodeIgniter.php(361): CodeIgniter\CodeIgniter->handleRequest(null, Object(Config\Cache), false)
10 FCPATH\index.php(79): CodeIgniter\CodeIgniter->run()
